<?xml version="1.0" encoding="UTF-8"?>
<testng-results skipped="0" failed="0" ignored="0" total="1" passed="1">
  <reporter-output>
  </reporter-output>
  <suite name="Default suite" duration-ms="245" started-at="2022-03-10T14:50:35 PST" finished-at="2022-03-10T14:50:35 PST">
    <groups>
    </groups>
    <test name="Default test" duration-ms="245" started-at="2022-03-10T14:50:35 PST" finished-at="2022-03-10T14:50:35 PST">
      <class name="pomClasses.KiteLoginPage">
        <test-method status="PASS" signature="tc01()[pri:0, instance:pomClasses.KiteLoginPage@7a3d45bd]" name="tc01" duration-ms="16" started-at="2022-03-10T14:50:35 PST" finished-at="2022-03-10T14:50:35 PST">
          <reporter-output>
          </reporter-output>
        </test-method> <!-- tc01 -->
      </class> <!-- pomClasses.KiteLoginPage -->
    </test> <!-- Default test -->
  </suite> <!-- Default suite -->
</testng-results>
